# Logfile created on Sun Oct 23 21:06:51 -0400 2011

Processing WelcomeController#index (for 72.229.162.211 at 2011-10-23 21:11:33) [GET]
  Parameters: {"action"=>"index", "controller"=>"welcome"}
Rendering template within layouts/base
Rendering welcome/index
Completed in 73ms (View: 32, DB: 21) | 200 OK [http://redmine.openlab.citytech.cuny.edu/]


Processing ProjectsController#index (for 72.229.162.211 at 2011-10-23 21:11:41) [GET]
  Parameters: {"action"=>"index", "controller"=>"projects"}
Rendering template within layouts/base
Rendering projects/index
Completed in 27ms (View: 19, DB: 2) | 200 OK [http://redmine.openlab.citytech.cuny.edu/projects]


Processing WelcomeController#index (for 72.229.162.211 at 2011-10-23 21:51:22) [GET]
  Parameters: {"action"=>"index", "controller"=>"welcome"}
Rendering template within layouts/base
Rendering welcome/index
Completed in 97ms (View: 37, DB: 43) | 200 OK [http://redmine.openlab.citytech.cuny.edu/]


Processing AccountController#login (for 72.229.162.211 at 2011-10-23 21:51:34) [GET]
  Parameters: {"action"=>"login", "controller"=>"account"}
Rendering template within layouts/base
Rendering account/login
Completed in 19ms (View: 13, DB: 1) | 200 OK [http://redmine.openlab.citytech.cuny.edu/login]


Processing AccountController#login (for 72.229.162.211 at 2011-10-23 21:51:42) [POST]
  Parameters: {"back_url"=>"http%3A%2F%2Fredmine.openlab.citytech.cuny.edu%3A3000%2F", "action"=>"login", "authenticity_token"=>"eeA+OxcwGspq2MCwVMRM1qIszc7cR4T/C1bs+IAZv7g=", "username"=>"admin", "controller"=>"account", "password"=>"[FILTERED]", "login"=>"Login \302\273"}
Redirected to http://redmine.openlab.citytech.cuny.edu:3000/
Completed in 25ms (DB: 18) | 302 Found [http://redmine.openlab.citytech.cuny.edu/login]


Processing WelcomeController#index (for 72.229.162.211 at 2011-10-23 21:51:42) [GET]
  Parameters: {"action"=>"index", "controller"=>"welcome"}
Rendering template within layouts/base
Rendering welcome/index
Completed in 156ms (View: 42, DB: 110) | 200 OK [http://redmine.openlab.citytech.cuny.edu/]


Processing AccountController#logout (for 72.229.162.211 at 2011-10-23 21:51:51) [GET]
  Parameters: {"action"=>"logout", "controller"=>"account"}
Redirected to http://redmine.openlab.citytech.cuny.edu:3000/
Completed in 3ms (DB: 0) | 302 Found [http://redmine.openlab.citytech.cuny.edu/logout]


Processing WelcomeController#index (for 72.229.162.211 at 2011-10-23 21:51:51) [GET]
  Parameters: {"action"=>"index", "controller"=>"welcome"}
Rendering template within layouts/base
Rendering welcome/index
Completed in 13ms (View: 7, DB: 1) | 200 OK [http://redmine.openlab.citytech.cuny.edu/]


Processing WelcomeController#index (for 72.229.162.211 at 2011-10-23 22:51:26) [GET]
  Parameters: {"action"=>"index", "controller"=>"welcome"}
Rendering template within layouts/base
Rendering welcome/index
Completed in 45ms (View: 25, DB: 4) | 200 OK [http://redmine.openlab.citytech.cuny.edu/]


Processing ProjectsController#index (for 72.229.162.211 at 2011-10-23 22:51:30) [GET]
  Parameters: {"action"=>"index", "controller"=>"projects"}
Rendering template within layouts/base
Rendering projects/index
Completed in 80ms (View: 72, DB: 1) | 200 OK [http://redmine.openlab.citytech.cuny.edu/projects]


Processing WelcomeController#index (for 72.229.162.211 at 2011-10-23 23:10:21) [GET]
  Parameters: {"action"=>"index", "controller"=>"welcome"}
Rendering template within layouts/base
Rendering welcome/index
Completed in 46ms (View: 25, DB: 4) | 200 OK [http://redmine.openlab.citytech.cuny.edu/]


Processing WelcomeController#index (for 72.229.162.211 at 2011-10-23 23:11:20) [GET]
  Parameters: {"action"=>"index", "controller"=>"welcome"}
Rendering template within layouts/base
Rendering welcome/index
Completed in 46ms (View: 26, DB: 3) | 200 OK [http://redmine.openlab.citytech.cuny.edu/]


Processing WelcomeController#index (for 72.229.162.211 at 2011-10-24 20:13:45) [GET]
  Parameters: {"action"=>"index", "controller"=>"welcome"}
Rendering template within layouts/base
Rendering welcome/index
Completed in 29ms (View: 23, DB: 2) | 200 OK [http://redmine.openlab.citytech.cuny.edu/]


Processing ApplicationController#index (for 72.229.162.211 at 2011-10-25 21:56:03) [GET]

ActionController::RoutingError (No route matches "/redmine/" with {:method=>:get}):
  /usr/local/lib/ruby/1.8/webrick/httpserver.rb:104:in `service'
  /usr/local/lib/ruby/1.8/webrick/httpserver.rb:65:in `run'
  /usr/local/lib/ruby/1.8/webrick/server.rb:173:in `start_thread'
  /usr/local/lib/ruby/1.8/webrick/server.rb:162:in `start'
  /usr/local/lib/ruby/1.8/webrick/server.rb:162:in `start_thread'
  /usr/local/lib/ruby/1.8/webrick/server.rb:95:in `start'
  /usr/local/lib/ruby/1.8/webrick/server.rb:92:in `each'
  /usr/local/lib/ruby/1.8/webrick/server.rb:92:in `start'
  /usr/local/lib/ruby/1.8/webrick/server.rb:23:in `start'
  /usr/local/lib/ruby/1.8/webrick/server.rb:82:in `start'

Rendering /usr/www/users/openlab/redmine/public/404.html (404 Not Found)


Processing ApplicationController#index (for 72.229.162.211 at 2011-10-25 21:56:36) [GET]

ActionController::RoutingError (No route matches "/redmine/" with {:method=>:get}):
  /usr/local/lib/ruby/1.8/webrick/httpserver.rb:104:in `service'
  /usr/local/lib/ruby/1.8/webrick/httpserver.rb:65:in `run'
  /usr/local/lib/ruby/1.8/webrick/server.rb:173:in `start_thread'
  /usr/local/lib/ruby/1.8/webrick/server.rb:162:in `start'
  /usr/local/lib/ruby/1.8/webrick/server.rb:162:in `start_thread'
  /usr/local/lib/ruby/1.8/webrick/server.rb:95:in `start'
  /usr/local/lib/ruby/1.8/webrick/server.rb:92:in `each'
  /usr/local/lib/ruby/1.8/webrick/server.rb:92:in `start'
  /usr/local/lib/ruby/1.8/webrick/server.rb:23:in `start'
  /usr/local/lib/ruby/1.8/webrick/server.rb:82:in `start'

Rendering /usr/www/users/openlab/redmine/public/404.html (404 Not Found)


Processing WelcomeController#index (for 72.229.162.211 at 2011-10-25 21:57:23) [GET]
  Parameters: {"action"=>"index", "controller"=>"welcome"}
Rendering template within layouts/base
Rendering welcome/index
Completed in 159ms (View: 108, DB: 34) | 200 OK [http://openlab.citytech.cuny.edu/]


Processing WelcomeController#index (for 72.229.162.211 at 2011-10-25 21:57:53) [GET]
  Parameters: {"action"=>"index", "controller"=>"welcome"}
Rendering template within layouts/base
Rendering welcome/index
Completed in 13ms (View: 7, DB: 0) | 200 OK [http://openlab.citytech.cuny.edu/]


Processing AccountController#login (for 72.229.162.211 at 2011-10-25 21:58:33) [GET]
  Parameters: {"action"=>"login", "controller"=>"account"}
Rendering template within layouts/base
Rendering account/login
Completed in 19ms (View: 13, DB: 1) | 200 OK [http://openlab.citytech.cuny.edu/login]


Processing AccountController#login (for 72.229.162.211 at 2011-10-25 21:58:39) [POST]
  Parameters: {"back_url"=>"http%3A%2F%2Fopenlab.citytech.cuny.edu%3A3000%2F", "action"=>"login", "authenticity_token"=>"56TKNBADPc4tYOS0qCa+UvHgsbM3o5aZFBXu+GKs4iU=", "username"=>"admin", "controller"=>"account", "password"=>"[FILTERED]", "login"=>"Login \302\273"}
Redirected to http://openlab.citytech.cuny.edu:3000/
Completed in 19ms (DB: 12) | 302 Found [http://openlab.citytech.cuny.edu/login]


Processing WelcomeController#index (for 72.229.162.211 at 2011-10-25 21:58:47) [GET]
  Parameters: {"action"=>"index", "controller"=>"welcome"}
Rendering template within layouts/base
Rendering welcome/index
Completed in 29ms (View: 21, DB: 3) | 200 OK [http://openlab.citytech.cuny.edu/]


Processing WelcomeController#index (for 72.229.162.211 at 2011-10-25 22:02:57) [GET]
  Parameters: {"action"=>"index", "controller"=>"welcome"}
Rendering template within layouts/base
Rendering welcome/index
Completed in 14ms (View: 8, DB: 1) | 200 OK [http://redmine.openlab.citytech.cuny.edu/]


Processing WelcomeController#index (for 72.229.162.211 at 2011-10-25 22:03:11) [GET]
  Parameters: {"action"=>"index", "controller"=>"welcome"}
Rendering template within layouts/base
Rendering welcome/index
Completed in 78ms (View: 72, DB: 0) | 200 OK [http://redmine.openlab.citytech.cuny.edu/]


Processing ProjectsController#index (for 72.229.162.211 at 2011-10-25 22:08:24) [GET]
  Parameters: {"action"=>"index", "controller"=>"projects"}
Rendering template within layouts/base
Rendering projects/index
Completed in 27ms (View: 20, DB: 0) | 200 OK [http://openlab.citytech.cuny.edu/projects]


Processing WelcomeController#index (for 72.229.162.211 at 2011-10-26 21:24:43) [GET]
  Parameters: {"action"=>"index", "controller"=>"welcome"}
Rendering template within layouts/base
Rendering welcome/index
Completed in 44ms (View: 8, DB: 31) | 200 OK [http://redmine.openlab.citytech.cuny.edu/]


Processing WelcomeController#index (for 72.229.162.211 at 2011-10-26 21:24:50) [GET]
  Parameters: {"action"=>"index", "controller"=>"welcome"}
Rendering template within layouts/base
Rendering welcome/index
Completed in 13ms (View: 8, DB: 0) | 200 OK [http://openlab.citytech.cuny.edu/]


Processing WelcomeController#index (for 72.229.162.211 at 2011-10-27 19:55:05) [GET]
  Parameters: {"action"=>"index", "controller"=>"welcome"}
Rendering template within layouts/base
Rendering welcome/index
Completed in 13ms (View: 8, DB: 0) | 200 OK [http://redmine.openlab.citytech.cuny.edu/]


Processing WelcomeController#index (for 72.229.162.211 at 2011-10-27 20:13:51) [GET]
  Parameters: {"action"=>"index", "controller"=>"welcome"}
Rendering template within layouts/base
Rendering welcome/index
Completed in 13ms (View: 8, DB: 0) | 200 OK [http://redmine.openlab.citytech.cuny.edu/]
